<?xml version="1.0" encoding="UTF-8"?>
<!-- Generated by org.testng.reporters.JUnitXMLReporter -->
<testsuite hostname="DESKTOP-GGP1A3M" ignored="0" name="Default test" tests="4" failures="0" timestamp="2023-01-11T23:01:50 MST" time="39.724" errors="0">
  <testcase name="urllaunch" time="5.747" classname="com.testng.Filpkart_Testng"/>
  <testcase name="searchproduct" time="6.935" classname="com.testng.Filpkart_Testng"/>
  <testcase name="mobilephone" time="18.28" classname="com.testng.Filpkart_Testng"/>
  <testcase name="addtocart" time="4.13" classname="com.testng.Filpkart_Testng"/>
</testsuite> <!-- Default test -->
